[2023/11/17 11:44:11.173] - Starting server with initial configuration: {"gasLimit":6721975,"gasPrice":20000000000,"hardfork":"merge","hostname":"127.0.0.1","port":7545,"network_id":5777,"default_balance_ether":100,"total_accounts":10,"unlocked_accounts":[],"locked":false,"vmErrorsOnRPCResponse":true,"verbose":false,"flavor":"ethereum","db_path":"C:\\Users\\Research-PC\\AppData\\Roaming\\Ganache\\ui\\workspaces\\Quickstart\\chaindata","mnemonic":"whale size help latin return fiction scene suspect tennis gossip carpet ginger","logDirectory":"C:\\Users\\Research-PC\\Downloads\\Healthcare supply chain optimization using Generative Artificial Intelligence\\Code\\Healthcare supply chain optimization using Generative Artificial Intelligence\\data"}
[2023/11/17 11:44:11.276] - eth_subscribe
[2023/11/17 11:44:11.278] - eth_getLogs
[2023/11/17 11:44:11.279] - eth_subscribe
[2023/11/17 11:44:11.301] - eth_subscribe
[2023/11/17 11:44:11.302] - eth_getLogs
[2023/11/17 11:44:11.302] - eth_subscribe
[2023/11/17 11:44:11.319] - eth_blockNumber
[2023/11/17 11:44:11.320] - eth_accounts
[2023/11/17 11:44:11.321] - eth_gasPrice
[2023/11/17 11:44:11.324] - eth_getBlockByNumber
[2023/11/17 11:44:11.325] - eth_subscribe
[2023/11/17 11:44:11.326] - eth_blockNumber
[2023/11/17 11:44:11.326] - eth_accounts
[2023/11/17 11:44:11.327] - eth_gasPrice
[2023/11/17 11:44:11.328] - eth_accounts
[2023/11/17 11:44:11.348] - eth_getBalance
[2023/11/17 11:44:11.349] - eth_getTransactionCount
[2023/11/17 11:44:11.352] - eth_getBalance
[2023/11/17 11:44:11.354] - eth_getTransactionCount
[2023/11/17 11:44:11.355] - eth_getBalance
[2023/11/17 11:44:11.356] - eth_getTransactionCount
[2023/11/17 11:44:11.358] - eth_getBalance
[2023/11/17 11:44:11.360] - eth_getTransactionCount
[2023/11/17 11:44:11.361] - eth_getBalance
[2023/11/17 11:44:11.367] - eth_getTransactionCount
[2023/11/17 11:44:11.369] - eth_getBalance
[2023/11/17 11:44:11.372] - eth_getTransactionCount
[2023/11/17 11:44:11.375] - eth_getBalance
[2023/11/17 11:44:11.377] - eth_getTransactionCount
[2023/11/17 11:44:11.379] - eth_getBalance
[2023/11/17 11:44:11.381] - eth_getTransactionCount
[2023/11/17 11:44:11.383] - eth_getBalance
[2023/11/17 11:44:11.385] - eth_getTransactionCount
[2023/11/17 11:44:11.386] - eth_getBalance
[2023/11/17 11:44:11.387] - eth_getTransactionCount
[2023/11/17 11:44:11.389] - eth_getBlockByNumber
[2023/11/17 11:44:11.389] - eth_subscribe
[2023/11/17 11:44:11.411] - eth_getBalance
[2023/11/17 11:44:11.414] - eth_getTransactionCount
[2023/11/17 11:44:11.416] - eth_getBalance
[2023/11/17 11:44:11.417] - eth_getTransactionCount
[2023/11/17 11:44:11.419] - eth_getBalance
[2023/11/17 11:44:11.421] - eth_getTransactionCount
[2023/11/17 11:44:11.422] - eth_getBalance
[2023/11/17 11:44:11.423] - eth_getTransactionCount
[2023/11/17 11:44:11.425] - eth_getBalance
[2023/11/17 11:44:11.430] - eth_getTransactionCount
[2023/11/17 11:44:11.434] - eth_getBalance
[2023/11/17 11:44:11.436] - eth_getTransactionCount
[2023/11/17 11:44:11.439] - eth_getBalance
[2023/11/17 11:44:11.441] - eth_getTransactionCount
[2023/11/17 11:44:11.443] - eth_getBalance
[2023/11/17 11:44:11.447] - eth_getTransactionCount
[2023/11/17 11:44:11.449] - eth_getBalance
[2023/11/17 11:44:11.451] - eth_getTransactionCount
[2023/11/17 11:44:11.452] - eth_getBalance
[2023/11/17 11:44:11.454] - eth_getTransactionCount
[2023/11/17 11:44:11.455] - eth_getBalance
[2023/11/17 11:44:11.456] - eth_getTransactionCount
[2023/11/17 11:44:11.458] - eth_getBalance
[2023/11/17 11:44:11.463] - eth_getTransactionCount
[2023/11/17 11:44:11.465] - eth_getBalance
[2023/11/17 11:44:11.469] - eth_getTransactionCount
[2023/11/17 11:44:11.472] - eth_getBalance
[2023/11/17 11:44:11.475] - eth_getTransactionCount
[2023/11/17 11:44:11.476] - eth_getBalance
[2023/11/17 11:44:11.478] - eth_getTransactionCount
[2023/11/17 11:44:11.480] - eth_getBalance
[2023/11/17 11:44:11.482] - eth_getTransactionCount
[2023/11/17 11:44:11.483] - eth_getBalance
[2023/11/17 11:44:11.485] - eth_getTransactionCount
[2023/11/17 11:44:11.486] - eth_getBalance
[2023/11/17 11:44:11.488] - eth_getTransactionCount
[2023/11/17 11:44:11.490] - eth_getBalance
[2023/11/17 11:44:11.495] - eth_getTransactionCount
[2023/11/17 11:44:11.497] - eth_getBalance
[2023/11/17 11:44:11.498] - eth_getTransactionCount
[2023/11/17 11:44:11.517] - eth_getTransactionCount
[2023/11/17 11:44:11.518] - eth_getBalance
[2023/11/17 11:44:11.521] - eth_getTransactionCount
[2023/11/17 11:44:11.526] - eth_getBalance
[2023/11/17 11:44:11.532] - eth_getTransactionCount
[2023/11/17 11:44:11.535] - eth_getBalance
[2023/11/17 11:44:11.540] - eth_getTransactionCount
[2023/11/17 11:44:11.543] - eth_getBalance
[2023/11/17 11:44:11.544] - eth_getTransactionCount
[2023/11/17 11:44:11.546] - eth_getBalance
[2023/11/17 11:44:11.549] - eth_getTransactionCount
[2023/11/17 11:44:11.552] - eth_getBalance
[2023/11/17 11:44:11.555] - eth_getTransactionCount
[2023/11/17 11:44:11.557] - eth_getBalance
[2023/11/17 11:44:11.561] - eth_getTransactionCount
[2023/11/17 11:44:11.565] - eth_getBalance
[2023/11/17 11:44:11.569] - eth_getTransactionCount
[2023/11/17 11:44:11.572] - eth_getBalance
[2023/11/17 11:44:11.573] - eth_getTransactionCount
